# JRE version: Java(TM) SE Runtime Environment (8.0_45-b15) (build 1.8.0_45-b15)
# Java VM: Java HotSpot(TM) 64-Bit Server VM (25.45-b02 mixed mode windows-amd64 compressed oops)
Heap:
 PSYoungGen      total 465920K, used 228937K [0x00000000e0000000, 0x00000000ffa80000, 0x0000000100000000)
  eden space 420352K, 52% used [0x00000000e0000000,0x00000000ed5b7d00,0x00000000f9a80000)
  from space 45568K, 22% used [0x00000000fce00000,0x00000000fd7da808,0x00000000ffa80000)
  to   space 49152K, 0% used [0x00000000f9a80000,0x00000000f9a80000,0x00000000fca80000)
 ParOldGen       total 204288K, used 150625K [0x00000000a0000000, 0x00000000ac780000, 0x00000000e0000000)
  object space 204288K, 73% used [0x00000000a0000000,0x00000000a93187e8,0x00000000ac780000)
 Metaspace       used 95571K, capacity 100314K, committed 100480K, reserved 1136640K
  class space    used 12190K, capacity 13120K, committed 13184K, reserved 1048576K
GC Heap History (10 events):
Event: 3736.187 GC heap before
{Heap before GC invocations=38 (full 4):
 PSYoungGen      total 486400K, used 485984K [0x00000000e0000000, 0x0000000100000000, 0x0000000100000000)
  eden space 455680K, 100% used [0x00000000e0000000,0x00000000fbd00000,0x00000000fbd00000)
  from space 30720K, 98% used [0x00000000fbd00000,0x00000000fda98388,0x00000000fdb00000)
  to   space 37888K, 0% used [0x00000000fdb00000,0x00000000fdb00000,0x0000000100000000)
 ParOldGen       total 204288K, used 96458K [0x00000000a0000000, 0x00000000ac780000, 0x00000000e0000000)
  object space 204288K, 47% used [0x00000000a0000000,0x00000000a5e32be0,0x00000000ac780000)
 Metaspace       used 92809K, capacity 96892K, committed 97152K, reserved 1134592K
  class space    used 11781K, capacity 12639K, committed 12672K, reserved 1048576K
Event: 3736.234 GC heap after
Heap after GC invocations=38 (full 4):
 PSYoungGen      total 486912K, used 8968K [0x00000000e0000000, 0x0000000100000000, 0x0000000100000000)
  eden space 449024K, 0% used [0x00000000e0000000,0x00000000e0000000,0x00000000fb680000)
  from space 37888K, 23% used [0x00000000fdb00000,0x00000000fe3c2308,0x0000000100000000)
  to   space 37376K, 0% used [0x00000000fb680000,0x00000000fb680000,0x00000000fdb00000)
 ParOldGen       total 204288K, used 118083K [0x00000000a0000000, 0x00000000ac780000, 0x00000000e0000000)
  object space 204288K, 57% used [0x00000000a0000000,0x00000000a7350d88,0x00000000ac780000)
 Metaspace       used 92809K, capacity 96892K, committed 97152K, reserved 1134592K
  class space    used 11781K, capacity 12639K, committed 12672K, reserved 1048576K
}
Event: 3742.641 GC heap before
{Heap before GC invocations=39 (full 4):
 PSYoungGen      total 486912K, used 457935K [0x00000000e0000000, 0x0000000100000000, 0x0000000100000000)
  eden space 449024K, 99% used [0x00000000e0000000,0x00000000fb671ad8,0x00000000fb680000)
  from space 37888K, 23% used [0x00000000fdb00000,0x00000000fe3c2308,0x0000000100000000)
  to   space 37376K, 0% used [0x00000000fb680000,0x00000000fb680000,0x00000000fdb00000)
 ParOldGen       total 204288K, used 118083K [0x00000000a0000000, 0x00000000ac780000, 0x00000000e0000000)
  object space 204288K, 57% used [0x00000000a0000000,0x00000000a7350d88,0x00000000ac780000)
 Metaspace       used 93144K, capacity 97316K, committed 97536K, reserved 1134592K
  class space    used 11812K, capacity 12685K, committed 12800K, reserved 1048576K
Event: 3742.656 GC heap after
Heap after GC invocations=39 (full 4):
 PSYoungGen      total 486400K, used 21728K [0x00000000e0000000, 0x0000000100000000, 0x0000000100000000)
  eden space 449024K, 0% used [0x00000000e0000000,0x00000000e0000000,0x00000000fb680000)
  from space 37376K, 58% used [0x00000000fb680000,0x00000000fcbb83b0,0x00000000fdb00000)
  to   space 37888K, 0% used [0x00000000fdb00000,0x00000000fdb00000,0x0000000100000000)
 ParOldGen       total 204288K, used 119459K [0x00000000a0000000, 0x00000000ac780000, 0x00000000e0000000)
  object space 204288K, 58% used [0x00000000a0000000,0x00000000a74a8da8,0x00000000ac780000)
 Metaspace       used 93144K, capacity 97316K, committed 97536K, reserved 1134592K
  class space    used 11812K, capacity 12685K, committed 12800K, reserved 1048576K
}
Event: 3746.580 GC heap before
{Heap before GC invocations=40 (full 4):
 PSYoungGen      total 486400K, used 470567K [0x00000000e0000000, 0x0000000100000000, 0x0000000100000000)
  eden space 449024K, 99% used [0x00000000e0000000,0x00000000fb651b78,0x00000000fb680000)
  from space 37376K, 58% used [0x00000000fb680000,0x00000000fcbb83b0,0x00000000fdb00000)
  to   space 37888K, 0% used [0x00000000fdb00000,0x00000000fdb00000,0x0000000100000000)
 ParOldGen       total 204288K, used 119459K [0x00000000a0000000, 0x00000000ac780000, 0x00000000e0000000)
  object space 204288K, 58% used [0x00000000a0000000,0x00000000a74a8da8,0x00000000ac780000)
 Metaspace       used 93629K, capacity 97862K, committed 98048K, reserved 1134592K
  class space    used 11858K, capacity 12742K, committed 12800K, reserved 1048576K
Event: 3746.667 GC heap after
Heap after GC invocations=40 (full 4):
 PSYoungGen      total 456704K, used 37872K [0x00000000e0000000, 0x0000000100000000, 0x0000000100000000)
  eden space 418816K, 0% used [0x00000000e0000000,0x00000000e0000000,0x00000000f9900000)
  from space 37888K, 99% used [0x00000000fdb00000,0x00000000ffffc108,0x0000000100000000)
  to   space 52736K, 0% used [0x00000000f9900000,0x00000000f9900000,0x00000000fcc80000)
 ParOldGen       total 204288K, used 142544K [0x00000000a0000000, 0x00000000ac780000, 0x00000000e0000000)
  object space 204288K, 69% used [0x00000000a0000000,0x00000000a8b342b8,0x00000000ac780000)
 Metaspace       used 93629K, capacity 97862K, committed 98048K, reserved 1134592K
  class space    used 11858K, capacity 12742K, committed 12800K, reserved 1048576K
}
Event: 3755.379 GC heap before
{Heap before GC invocations=41 (full 4):
 PSYoungGen      total 456704K, used 456688K [0x00000000e0000000, 0x0000000100000000, 0x0000000100000000)
  eden space 418816K, 100% used [0x00000000e0000000,0x00000000f9900000,0x00000000f9900000)
  from space 37888K, 99% used [0x00000000fdb00000,0x00000000ffffc108,0x0000000100000000)
  to   space 52736K, 0% used [0x00000000f9900000,0x00000000f9900000,0x00000000fcc80000)
 ParOldGen       total 204288K, used 142544K [0x00000000a0000000, 0x00000000ac780000, 0x00000000e0000000)
  object space 204288K, 69% used [0x00000000a0000000,0x00000000a8b342b8,0x00000000ac780000)
 Metaspace       used 93940K, capacity 98296K, committed 98560K, reserved 1134592K
  class space    used 11908K, capacity 12781K, committed 12800K, reserved 1048576K
Event: 3755.441 GC heap after
Heap after GC invocations=41 (full 4):
 PSYoungGen      total 471552K, used 8446K [0x00000000e0000000, 0x0000000100000000, 0x0000000100000000)
  eden space 418816K, 0% used [0x00000000e0000000,0x00000000e0000000,0x00000000f9900000)
  from space 52736K, 16% used [0x00000000f9900000,0x00000000fa13f808,0x00000000fcc80000)
  to   space 51200K, 0% used [0x00000000fce00000,0x00000000fce00000,0x0000000100000000)
 ParOldGen       total 204288K, used 149440K [0x00000000a0000000, 0x00000000ac780000, 0x00000000e0000000)
  object space 204288K, 73% used [0x00000000a0000000,0x00000000a91f02c8,0x00000000ac780000)
 Metaspace       used 93940K, capacity 98296K, committed 98560K, reserved 1134592K
  class space    used 11908K, capacity 12781K, committed 12800K, reserved 1048576K
}
Event: 3760.391 GC heap before
{Heap before GC invocations=42 (full 4):
 PSYoungGen      total 471552K, used 426922K [0x00000000e0000000, 0x0000000100000000, 0x0000000100000000)
  eden space 418816K, 99% used [0x00000000e0000000,0x00000000f98ab158,0x00000000f9900000)
  from space 52736K, 16% used [0x00000000f9900000,0x00000000fa13f808,0x00000000fcc80000)
  to   space 51200K, 0% used [0x00000000fce00000,0x00000000fce00000,0x0000000100000000)
 ParOldGen       total 204288K, used 149440K [0x00000000a0000000, 0x00000000ac780000, 0x00000000e0000000)
  object space 204288K, 73% used [0x00000000a0000000,0x00000000a91f02c8,0x00000000ac780000)
 Metaspace       used 94692K, capacity 99140K, committed 99328K, reserved 1136640K
  class space    used 12043K, capacity 12949K, committed 13056K, reserved 1048576K
Event: 3760.405 GC heap after
Heap after GC invocations=42 (full 4):
 PSYoungGen      total 465920K, used 10090K [0x00000000e0000000, 0x00000000ffa80000, 0x0000000100000000)
  eden space 420352K, 0% used [0x00000000e0000000,0x00000000e0000000,0x00000000f9a80000)
  from space 45568K, 22% used [0x00000000fce00000,0x00000000fd7da808,0x00000000ffa80000)
  to   space 49152K, 0% used [0x00000000f9a80000,0x00000000f9a80000,0x00000000fca80000)
 ParOldGen       total 204288K, used 150625K [0x00000000a0000000, 0x00000000ac780000, 0x00000000e0000000)
  object space 204288K, 73% used [0x00000000a0000000,0x00000000a93187e8,0x00000000ac780000)
 Metaspace       used 94692K, capacity 99140K, committed 99328K, reserved 1136640K
  class space    used 12043K, capacity 12949K, committed 13056K, reserved 1048576K
}

